0 verbose cli /usr/local/bin/node /usr/local/bin/npm
1 info using npm@11.6.2
2 info using node@v24.13.0
3 silly config load:file:/usr/local/lib/node_modules/npm/npmrc
4 silly config load:file:/Users/mdatiarrahmanovi/Client Onboarding Hub/.npmrc
5 silly config load:file:/Users/mdatiarrahmanovi/.npmrc
6 silly config load:file:/usr/local/etc/npmrc
7 verbose title npm install ts-node
8 verbose argv "install" "--legacy-peer-deps" "ts-node" "--cache" ".npm-cache"
9 verbose logfile logs-max:10 dir:/Users/mdatiarrahmanovi/Client Onboarding Hub/.npm-cache/_logs/2026-02-20T19_32_52_353Z-
10 verbose logfile /Users/mdatiarrahmanovi/Client Onboarding Hub/.npm-cache/_logs/2026-02-20T19_32_52_353Z-debug-0.log
11 silly logfile done cleaning log files
12 silly packumentCache heap:2348810240 maxSize:587202560 maxEntrySize:293601280
13 silly idealTree buildDeps
14 silly fetch manifest ts-node@*
15 silly packumentCache full:https://registry.npmjs.org/ts-node cache-miss
16 http fetch GET 200 https://registry.npmjs.org/ts-node 104ms (cache miss)
17 silly packumentCache full:https://registry.npmjs.org/ts-node set size:undefined disposed:false
18 silly placeDep ROOT ts-node@10.9.2 OK for: clientflow-hub@0.1.0 want: *
19 silly fetch manifest yn@3.1.1
20 silly packumentCache full:https://registry.npmjs.org/yn cache-miss
21 silly fetch manifest arg@^4.1.0
22 silly packumentCache full:https://registry.npmjs.org/arg cache-miss
23 silly fetch manifest diff@^4.0.1
24 silly packumentCache full:https://registry.npmjs.org/diff cache-miss
25 silly fetch manifest acorn-walk@^8.1.1
26 silly packumentCache full:https://registry.npmjs.org/acorn-walk cache-miss
27 silly fetch manifest make-error@^1.1.1
28 silly packumentCache full:https://registry.npmjs.org/make-error cache-miss
29 silly fetch manifest create-require@^1.1.0
30 silly packumentCache full:https://registry.npmjs.org/create-require cache-miss
31 silly fetch manifest @tsconfig/node10@^1.0.7
32 silly packumentCache full:https://registry.npmjs.org/@tsconfig%2fnode10 cache-miss
33 http fetch GET 200 https://registry.npmjs.org/yn 28ms (cache miss)
34 silly packumentCache full:https://registry.npmjs.org/yn set size:undefined disposed:false
35 silly fetch manifest @tsconfig/node12@^1.0.7
36 silly packumentCache full:https://registry.npmjs.org/@tsconfig%2fnode12 cache-miss
37 http fetch GET 200 https://registry.npmjs.org/acorn-walk 54ms (cache miss)
38 silly packumentCache full:https://registry.npmjs.org/acorn-walk set size:undefined disposed:false
39 silly fetch manifest @tsconfig/node14@^1.0.0
40 silly packumentCache full:https://registry.npmjs.org/@tsconfig%2fnode14 cache-miss
41 http fetch GET 200 https://registry.npmjs.org/diff 55ms (cache miss)
42 silly packumentCache full:https://registry.npmjs.org/diff set size:undefined disposed:false
43 silly fetch manifest @tsconfig/node16@^1.0.2
44 silly packumentCache full:https://registry.npmjs.org/@tsconfig%2fnode16 cache-miss
45 http fetch GET 200 https://registry.npmjs.org/arg 60ms (cache revalidated)
46 silly packumentCache full:https://registry.npmjs.org/arg set size:67204 disposed:false
47 silly fetch manifest v8-compile-cache-lib@^3.0.1
48 silly packumentCache full:https://registry.npmjs.org/v8-compile-cache-lib cache-miss
49 http fetch GET 200 https://registry.npmjs.org/create-require 61ms (cache miss)
50 silly packumentCache full:https://registry.npmjs.org/create-require set size:undefined disposed:false
51 silly fetch manifest @cspotcode/source-map-support@^0.8.0
52 silly packumentCache full:https://registry.npmjs.org/@cspotcode%2fsource-map-support cache-miss
53 http fetch GET 200 https://registry.npmjs.org/make-error 62ms (cache miss)
54 silly packumentCache full:https://registry.npmjs.org/make-error set size:undefined disposed:false
55 http fetch GET 200 https://registry.npmjs.org/@tsconfig%2fnode10 62ms (cache miss)
56 silly packumentCache full:https://registry.npmjs.org/@tsconfig%2fnode10 set size:undefined disposed:false
57 http fetch GET 200 https://registry.npmjs.org/v8-compile-cache-lib 22ms (cache miss)
58 silly packumentCache full:https://registry.npmjs.org/v8-compile-cache-lib set size:undefined disposed:false
59 http fetch GET 200 https://registry.npmjs.org/@tsconfig%2fnode14 30ms (cache miss)
60 silly packumentCache full:https://registry.npmjs.org/@tsconfig%2fnode14 set size:undefined disposed:false
61 http fetch GET 200 https://registry.npmjs.org/@tsconfig%2fnode16 36ms (cache miss)
62 silly packumentCache full:https://registry.npmjs.org/@tsconfig%2fnode16 set size:undefined disposed:false
63 http fetch GET 200 https://registry.npmjs.org/@cspotcode%2fsource-map-support 33ms (cache miss)
64 silly packumentCache full:https://registry.npmjs.org/@cspotcode%2fsource-map-support set size:undefined disposed:false
65 http fetch GET 200 https://registry.npmjs.org/@tsconfig%2fnode12 241ms (cache miss)
66 silly packumentCache full:https://registry.npmjs.org/@tsconfig%2fnode12 set size:undefined disposed:false
67 silly placeDep ROOT @cspotcode/source-map-support@0.8.1 OK for: ts-node@10.9.2 want: ^0.8.0
68 silly placeDep ROOT @tsconfig/node10@1.0.12 OK for: ts-node@10.9.2 want: ^1.0.7
69 silly placeDep ROOT @tsconfig/node12@1.0.11 OK for: ts-node@10.9.2 want: ^1.0.7
70 silly placeDep ROOT @tsconfig/node14@1.0.3 OK for: ts-node@10.9.2 want: ^1.0.0
71 silly placeDep ROOT @tsconfig/node16@1.0.4 OK for: ts-node@10.9.2 want: ^1.0.2
72 silly placeDep ROOT acorn-walk@8.3.5 OK for: ts-node@10.9.2 want: ^8.1.1
73 silly placeDep node_modules/ts-node arg@4.1.3 OK for: ts-node@10.9.2 want: ^4.1.0
74 silly placeDep ROOT create-require@1.1.1 OK for: ts-node@10.9.2 want: ^1.1.0
75 silly placeDep ROOT diff@4.0.4 OK for: ts-node@10.9.2 want: ^4.0.1
76 silly placeDep ROOT make-error@1.3.6 OK for: ts-node@10.9.2 want: ^1.1.1
77 silly placeDep ROOT v8-compile-cache-lib@3.0.1 OK for: ts-node@10.9.2 want: ^3.0.1
78 silly placeDep ROOT yn@3.1.1 OK for: ts-node@10.9.2 want: 3.1.1
79 silly fetch manifest @jridgewell/trace-mapping@0.3.9
80 silly packumentCache full:https://registry.npmjs.org/@jridgewell%2ftrace-mapping cache-miss
81 http fetch GET 200 https://registry.npmjs.org/@jridgewell%2ftrace-mapping 48ms (cache revalidated)
82 silly packumentCache full:https://registry.npmjs.org/@jridgewell%2ftrace-mapping set size:170909 disposed:false
83 silly placeDep node_modules/@cspotcode/source-map-support @jridgewell/trace-mapping@0.3.9 OK for: @cspotcode/source-map-support@0.8.1 want: 0.3.9
84 silly reify moves {}
85 silly audit bulk request {
85 silly audit   '@alloc/quick-lru': [ '5.2.0' ],
85 silly audit   '@emnapi/core': [ '1.8.1' ],
85 silly audit   '@emnapi/runtime': [ '1.8.1' ],
85 silly audit   '@emnapi/wasi-threads': [ '1.1.0' ],
85 silly audit   '@eslint-community/eslint-utils': [ '4.9.1' ],
85 silly audit   '@eslint-community/regexpp': [ '4.12.2' ],
85 silly audit   '@eslint/eslintrc': [ '2.1.4' ],
85 silly audit   '@eslint/js': [ '8.57.1' ],
85 silly audit   '@humanwhocodes/config-array': [ '0.13.0' ],
85 silly audit   '@humanwhocodes/module-importer': [ '1.0.1' ],
85 silly audit   '@humanwhocodes/object-schema': [ '2.0.3' ],
85 silly audit   '@isaacs/cliui': [ '8.0.2' ],
85 silly audit   'ansi-regex': [ '6.2.2', '5.0.1' ],
85 silly audit   'strip-ansi': [ '7.1.2', '6.0.1' ],
85 silly audit   '@jridgewell/gen-mapping': [ '0.3.13' ],
85 silly audit   '@jridgewell/resolve-uri': [ '3.1.2' ],
85 silly audit   '@jridgewell/sourcemap-codec': [ '1.5.5' ],
85 silly audit   '@jridgewell/trace-mapping': [ '0.3.31', '0.3.9' ],
85 silly audit   '@napi-rs/wasm-runtime': [ '0.2.12' ],
85 silly audit   '@next/env': [ '14.2.35' ],
85 silly audit   '@next/eslint-plugin-next': [ '14.2.35' ],
85 silly audit   '@next/swc-darwin-arm64': [ '14.2.33' ],
85 silly audit   '@next/swc-darwin-x64': [ '14.2.33' ],
85 silly audit   '@next/swc-linux-arm64-gnu': [ '14.2.33' ],
85 silly audit   '@next/swc-linux-arm64-musl': [ '14.2.33' ],
85 silly audit   '@next/swc-linux-x64-gnu': [ '14.2.33' ],
85 silly audit   '@next/swc-linux-x64-musl': [ '14.2.33' ],
85 silly audit   '@next/swc-win32-arm64-msvc': [ '14.2.33' ],
85 silly audit   '@next/swc-win32-ia32-msvc': [ '14.2.33' ],
85 silly audit   '@next/swc-win32-x64-msvc': [ '14.2.33' ],
85 silly audit   '@nodelib/fs.scandir': [ '2.1.5' ],
85 silly audit   '@nodelib/fs.stat': [ '2.0.5' ],
85 silly audit   '@nodelib/fs.walk': [ '1.2.8' ],
85 silly audit   '@nolyfill/is-core-module': [ '1.0.39' ],
85 silly audit   '@pkgjs/parseargs': [ '0.11.0' ],
85 silly audit   '@prisma/client': [ '6.19.2' ],
85 silly audit   '@prisma/config': [ '6.19.2' ],
85 silly audit   '@prisma/debug': [ '6.19.2' ],
85 silly audit   '@prisma/engines': [ '6.19.2' ],
85 silly audit   '@prisma/engines-version': [ '7.1.1-3.c2990dca591cba766e3b7ef5d9e8a84796e47ab7' ],
85 silly audit   '@prisma/fetch-engine': [ '6.19.2' ],
85 silly audit   '@prisma/get-platform': [ '6.19.2' ],
85 silly audit   '@radix-ui/primitive': [ '1.1.3' ],
85 silly audit   '@radix-ui/react-checkbox': [ '1.3.3' ],
85 silly audit   '@radix-ui/react-compose-refs': [ '1.1.2' ],
85 silly audit   '@radix-ui/react-context': [ '1.1.2', '1.1.3' ],
85 silly audit   '@radix-ui/react-label': [ '2.1.8' ],
85 silly audit   '@radix-ui/react-primitive': [ '2.1.4', '2.1.3' ],
85 silly audit   '@radix-ui/react-presence': [ '1.1.5' ],
85 silly audit   '@radix-ui/react-slot': [ '1.2.3', '1.2.4' ],
85 silly audit   '@radix-ui/react-progress': [ '1.1.8' ],
85 silly audit   '@radix-ui/react-use-controllable-state': [ '1.2.2' ],
85 silly audit   '@radix-ui/react-use-effect-event': [ '0.0.2' ],
85 silly audit   '@radix-ui/react-use-layout-effect': [ '1.1.1' ],
85 silly audit   '@radix-ui/react-use-previous': [ '1.1.1' ],
85 silly audit   '@radix-ui/react-use-size': [ '1.1.1' ],
85 silly audit   '@rtsao/scc': [ '1.1.0' ],
85 silly audit   '@rushstack/eslint-patch': [ '1.16.1' ],
85 silly audit   '@standard-schema/spec': [ '1.1.0' ],
85 silly audit   '@swc/counter': [ '0.1.3' ],
85 silly audit   '@swc/helpers': [ '0.5.5' ],
85 silly audit   '@tybys/wasm-util': [ '0.10.1' ],
85 silly audit   '@types/json5': [ '0.0.29' ],
85 silly audit   '@types/node': [ '20.19.33' ],
85 silly audit   '@types/prop-types': [ '15.7.15' ],
85 silly audit   '@types/react': [ '18.3.28' ],
85 silly audit   '@types/react-dom': [ '18.3.7' ],
85 silly audit   '@typescript-eslint/eslint-plugin': [ '8.56.0' ],
85 silly audit   ignore: [ '7.0.5', '5.3.2' ],
85 silly audit   '@typescript-eslint/parser': [ '8.56.0' ],
85 silly audit   '@typescript-eslint/project-service': [ '8.56.0' ],
85 silly audit   '@typescript-eslint/scope-manager': [ '8.56.0' ],
85 silly audit   '@typescript-eslint/tsconfig-utils': [ '8.56.0' ],
85 silly audit   '@typescript-eslint/type-utils': [ '8.56.0' ],
85 silly audit   '@typescript-eslint/types': [ '8.56.0' ],
85 silly audit   '@typescript-eslint/typescript-estree': [ '8.56.0' ],
85 silly audit   'brace-expansion': [ '2.0.2', '1.1.12' ],
85 silly audit   minimatch: [ '9.0.5', '3.1.2' ],
85 silly audit   '@typescript-eslint/utils': [ '8.56.0' ],
85 silly audit   '@typescript-eslint/visitor-keys': [ '8.56.0' ],
85 silly audit   'eslint-visitor-keys': [ '5.0.1', '3.4.3' ],
85 silly audit   '@ungap/structured-clone': [ '1.3.0' ],
85 silly audit   '@unrs/resolver-binding-android-arm-eabi': [ '1.11.1' ],
85 silly audit   '@unrs/resolver-binding-android-arm64': [ '1.11.1' ],
85 silly audit   '@unrs/resolver-binding-darwin-arm64': [ '1.11.1' ],
85 silly audit   '@unrs/resolver-binding-darwin-x64': [ '1.11.1' ],
85 silly audit   '@unrs/resolver-binding-freebsd-x64': [ '1.11.1' ],
85 silly audit   '@unrs/resolver-binding-linux-arm-gnueabihf': [ '1.11.1' ],
85 silly audit   '@unrs/resolver-binding-linux-arm-musleabihf': [ '1.11.1' ],
85 silly audit   '@unrs/resolver-binding-linux-arm64-gnu': [ '1.11.1' ],
85 silly audit   '@unrs/resolver-binding-linux-arm64-musl': [ '1.11.1' ],
85 silly audit   '@unrs/resolver-binding-linux-ppc64-gnu': [ '1.11.1' ],
85 silly audit   '@unrs/resolver-binding-linux-riscv64-gnu': [ '1.11.1' ],
85 silly audit   '@unrs/resolver-binding-linux-riscv64-musl': [ '1.11.1' ],
85 silly audit   '@unrs/resolver-binding-linux-s390x-gnu': [ '1.11.1' ],
85 silly audit   '@unrs/resolver-binding-linux-x64-gnu': [ '1.11.1' ],
85 silly audit   '@unrs/resolver-binding-linux-x64-musl': [ '1.11.1' ],
85 silly audit   '@unrs/resolver-binding-wasm32-wasi': [ '1.11.1' ],
85 silly audit   '@unrs/resolver-binding-win32-arm64-msvc': [ '1.11.1' ],
85 silly audit   '@unrs/resolver-binding-win32-ia32-msvc': [ '1.11.1' ],
85 silly audit   '@unrs/resolver-binding-win32-x64-msvc': [ '1.11.1' ],
85 silly audit   '@vercel/blob': [ '2.3.0' ],
85 silly audit   acorn: [ '8.16.0' ],
85 silly audit   'acorn-jsx': [ '5.3.2' ],
85 silly audit   ajv: [ '6.14.0' ],
85 silly audit   'ansi-styles': [ '4.3.0', '6.2.3' ],
85 silly audit   'any-promise': [ '1.3.0' ],
85 silly audit   anymatch: [ '3.1.3' ],
85 silly audit   arg: [ '5.0.2', '4.1.3' ],
85 silly audit   argparse: [ '2.0.1' ],
85 silly audit   'aria-query': [ '5.3.2' ],
85 silly audit   'array-buffer-byte-length': [ '1.0.2' ],
85 silly audit   'array-includes': [ '3.1.9' ],
85 silly audit   'array.prototype.findlast': [ '1.2.5' ],
85 silly audit   'array.prototype.findlastindex': [ '1.2.6' ],
85 silly audit   'array.prototype.flat': [ '1.3.3' ],
85 silly audit   'array.prototype.flatmap': [ '1.3.3' ],
85 silly audit   'array.prototype.tosorted': [ '1.1.4' ],
85 silly audit   'arraybuffer.prototype.slice': [ '1.0.4' ],
85 silly audit   'ast-types-flow': [ '0.0.8' ],
85 silly audit   'async-function': [ '1.0.0' ],
85 silly audit   'async-retry': [ '1.3.3' ],
85 silly audit   'available-typed-arrays': [ '1.0.7' ],
85 silly audit   'axe-core': [ '4.11.1' ],
85 silly audit   'axobject-query': [ '4.1.0' ],
85 silly audit   'balanced-match': [ '1.0.2' ],
85 silly audit   'binary-extensions': [ '2.3.0' ],
85 silly audit   braces: [ '3.0.3' ],
85 silly audit   busboy: [ '1.6.0' ],
85 silly audit   c12: [ '3.1.0' ],
85 silly audit   chokidar: [ '4.0.3', '3.6.0' ],
85 silly audit   jiti: [ '2.6.1', '1.21.7' ],
85 silly audit   readdirp: [ '4.1.2', '3.6.0' ],
85 silly audit   'call-bind': [ '1.0.8' ],
85 silly audit   'call-bind-apply-helpers': [ '1.0.2' ],
85 silly audit   'call-bound': [ '1.0.4' ],
85 silly audit   callsites: [ '3.1.0' ],
85 silly audit   'camelcase-css': [ '2.0.1' ],
85 silly audit   'caniuse-lite': [ '1.0.30001770' ],
85 silly audit   chalk: [ '4.1.2' ],
85 silly audit   'glob-parent': [ '5.1.2', '6.0.2' ],
85 silly audit   citty: [ '0.1.6', '0.2.1' ],
85 silly audit   'class-variance-authority': [ '0.7.1' ],
85 silly audit   'client-only': [ '0.0.1' ],
85 silly audit   clsx: [ '2.1.1' ],
85 silly audit   'color-convert': [ '2.0.1' ],
85 silly audit   'color-name': [ '1.1.4' ],
85 silly audit   commander: [ '4.1.1' ],
85 silly audit   'concat-map': [ '0.0.1' ],
85 silly audit   confbox: [ '0.2.4' ],
85 silly audit   consola: [ '3.4.2' ],
85 silly audit   'cross-spawn': [ '7.0.6' ],
85 silly audit   cssesc: [ '3.0.0' ],
85 silly audit   csstype: [ '3.2.3' ],
85 silly audit   'damerau-levenshtein': [ '1.0.8' ],
85 silly audit   'data-view-buffer': [ '1.0.2' ],
85 silly audit   'data-view-byte-length': [ '1.0.2' ],
85 silly audit   'data-view-byte-offset': [ '1.0.1' ],
85 silly audit   debug: [ '4.4.3', '3.2.7' ],
85 silly audit   'deep-is': [ '0.1.4' ],
85 silly audit   'deepmerge-ts': [ '7.1.5' ],
85 silly audit   'define-data-property': [ '1.1.4' ],
85 silly audit   'define-properties': [ '1.2.1' ],
85 silly audit   defu: [ '6.1.4' ],
85 silly audit   destr: [ '2.0.5' ],
85 silly audit   didyoumean: [ '1.2.2' ],
85 silly audit   dlv: [ '1.1.3' ],
85 silly audit   doctrine: [ '3.0.0', '2.1.0' ],
85 silly audit   dotenv: [ '16.6.1' ],
85 silly audit   'dunder-proto': [ '1.0.1' ],
85 silly audit   eastasianwidth: [ '0.2.0' ],
85 silly audit   effect: [ '3.18.4' ],
85 silly audit   'emoji-regex': [ '9.2.2', '8.0.0' ],
85 silly audit   empathic: [ '2.0.0' ],
85 silly audit   'es-abstract': [ '1.24.1' ],
85 silly audit   'es-define-property': [ '1.0.1' ],
85 silly audit   'es-errors': [ '1.3.0' ],
85 silly audit   'es-iterator-helpers': [ '1.2.2' ],
85 silly audit   'es-object-atoms': [ '1.1.1' ],
85 silly audit   'es-set-tostringtag': [ '2.1.0' ],
85 silly audit   'es-shim-unscopables': [ '1.1.0' ],
85 silly audit   'es-to-primitive': [ '1.3.0' ],
85 silly audit   'escape-string-regexp': [ '4.0.0' ],
85 silly audit   eslint: [ '8.57.1' ],
85 silly audit   'eslint-config-next': [ '14.2.35' ],
85 silly audit   'eslint-import-resolver-node': [ '0.3.9' ],
85 silly audit   'eslint-import-resolver-typescript': [ '3.10.1' ],
85 silly audit   'eslint-module-utils': [ '2.12.1' ],
85 silly audit   'eslint-plugin-import': [ '2.32.0' ],
85 silly audit   semver: [ '6.3.1', '7.7.4' ],
85 silly audit   'eslint-plugin-jsx-a11y': [ '6.10.2' ],
85 silly audit   'eslint-plugin-react': [ '7.37.5' ],
85 silly audit   'eslint-plugin-react-hooks': [ '5.0.0-canary-7118f5dd7-20230705' ],
85 silly audit   resolve: [ '2.0.0-next.6', '1.22.11' ],
85 silly audit   'eslint-scope': [ '7.2.2' ],
85 silly audit   espree: [ '9.6.1' ],
85 silly audit   esquery: [ '1.7.0' ],
85 silly audit   esrecurse: [ '4.3.0' ],
85 silly audit   estraverse: [ '5.3.0' ],
85 silly audit   esutils: [ '2.0.3' ],
85 silly audit   exsolve: [ '1.0.8' ],
85 silly audit   'fast-check': [ '3.23.2' ],
85 silly audit   'fast-deep-equal': [ '3.1.3' ],
85 silly audit   'fast-glob': [ '3.3.3' ],
85 silly audit   'fast-json-stable-stringify': [ '2.1.0' ],
85 silly audit   'fast-levenshtein': [ '2.0.6' ],
85 silly audit   fastq: [ '1.20.1' ],
85 silly audit   fdir: [ '6.5.0' ],
85 silly audit   'file-entry-cache': [ '6.0.1' ],
85 silly audit   'fill-range': [ '7.1.1' ],
85 silly audit   'find-up': [ '5.0.0' ],
85 silly audit   'flat-cache': [ '3.2.0' ],
85 silly audit   flatted: [ '3.3.3' ],
85 silly audit   'for-each': [ '0.3.5' ],
85 silly audit   'foreground-child': [ '3.3.1' ],
85 silly audit   'fs.realpath': [ '1.0.0' ],
85 silly audit   fsevents: [ '2.3.3' ],
85 silly audit   'function-bind': [ '1.1.2' ],
85 silly audit   'function.prototype.name': [ '1.1.8' ],
85 silly audit   'functions-have-names': [ '1.2.3' ],
85 silly audit   'generator-function': [ '2.0.1' ],
85 silly audit   'get-intrinsic': [ '1.3.0' ],
85 silly audit   'get-proto': [ '1.0.1' ],
85 silly audit   'get-symbol-description': [ '1.1.0' ],
85 silly audit   'get-tsconfig': [ '4.13.6' ],
85 silly audit   giget: [ '2.0.0' ],
85 silly audit   glob: [ '10.3.10', '7.2.3' ],
85 silly audit   globals: [ '13.24.0' ],
85 silly audit   globalthis: [ '1.0.4' ],
85 silly audit   gopd: [ '1.2.0' ],
85 silly audit   'graceful-fs': [ '4.2.11' ],
85 silly audit   graphemer: [ '1.4.0' ],
85 silly audit   'has-bigints': [ '1.1.0' ],
85 silly audit   'has-flag': [ '4.0.0' ],
85 silly audit   'has-property-descriptors': [ '1.0.2' ],
85 silly audit   'has-proto': [ '1.2.0' ],
85 silly audit   'has-symbols': [ '1.1.0' ],
85 silly audit   'has-tostringtag': [ '1.0.2' ],
85 silly audit   hasown: [ '2.0.2' ],
85 silly audit   'import-fresh': [ '3.3.1' ],
85 silly audit   imurmurhash: [ '0.1.4' ],
85 silly audit   inflight: [ '1.0.6' ],
85 silly audit   inherits: [ '2.0.4' ],
85 silly audit   'internal-slot': [ '1.1.0' ],
85 silly audit   'is-array-buffer': [ '3.0.5' ],
85 silly audit   'is-async-function': [ '2.1.1' ],
85 silly audit   'is-bigint': [ '1.1.0' ],
85 silly audit   'is-binary-path': [ '2.1.0' ],
85 silly audit   'is-boolean-object': [ '1.2.2' ],
85 silly audit   'is-buffer': [ '2.0.5' ],
85 silly audit   'is-bun-module': [ '2.0.0' ],
85 silly audit   'is-callable': [ '1.2.7' ],
85 silly audit   'is-core-module': [ '2.16.1' ],
85 silly audit   'is-data-view': [ '1.0.2' ],
85 silly audit   'is-date-object': [ '1.1.0' ],
85 silly audit   'is-extglob': [ '2.1.1' ],
85 silly audit   'is-finalizationregistry': [ '1.1.1' ],
85 silly audit   'is-fullwidth-code-point': [ '3.0.0' ],
85 silly audit   'is-generator-function': [ '1.1.2' ],
85 silly audit   'is-glob': [ '4.0.3' ],
85 silly audit   'is-map': [ '2.0.3' ],
85 silly audit   'is-negative-zero': [ '2.0.3' ],
85 silly audit   'is-node-process': [ '1.2.0' ],
85 silly audit   'is-number': [ '7.0.0' ],
85 silly audit   'is-number-object': [ '1.1.1' ],
85 silly audit   'is-path-inside': [ '3.0.3' ],
85 silly audit   'is-regex': [ '1.2.1' ],
85 silly audit   'is-set': [ '2.0.3' ],
85 silly audit   'is-shared-array-buffer': [ '1.0.4' ],
85 silly audit   'is-string': [ '1.1.1' ],
85 silly audit   'is-symbol': [ '1.1.1' ],
85 silly audit   'is-typed-array': [ '1.1.15' ],
85 silly audit   'is-weakmap': [ '2.0.2' ],
85 silly audit   'is-weakref': [ '1.1.1' ],
85 silly audit   'is-weakset': [ '2.0.4' ],
85 silly audit   isarray: [ '2.0.5' ],
85 silly audit   isexe: [ '2.0.0' ],
85 silly audit   'iterator.prototype': [ '1.1.5' ],
85 silly audit   jackspeak: [ '2.3.6' ],
85 silly audit   'js-tokens': [ '4.0.0' ],
85 silly audit   'js-yaml': [ '4.1.1' ],
85 silly audit   'json-buffer': [ '3.0.1' ],
85 silly audit   'json-schema-traverse': [ '0.4.1' ],
85 silly audit   'json-stable-stringify-without-jsonify': [ '1.0.1' ],
85 silly audit   json5: [ '1.0.2' ],
85 silly audit   'jsx-ast-utils': [ '3.3.5' ],
85 silly audit   keyv: [ '4.5.4' ],
85 silly audit   'language-subtag-registry': [ '0.3.23' ],
85 silly audit   'language-tags': [ '1.0.9' ],
85 silly audit   levn: [ '0.4.1' ],
85 silly audit   lilconfig: [ '3.1.3' ],
85 silly audit   'lines-and-columns': [ '1.2.4' ],
85 silly audit   'locate-path': [ '6.0.0' ],
85 silly audit   'lodash.merge': [ '4.6.2' ],
85 silly audit   'loose-envify': [ '1.4.0' ],
85 silly audit   'lru-cache': [ '10.4.3' ],
85 silly audit   'lucide-react': [ '0.575.0' ],
85 silly audit   'math-intrinsics': [ '1.1.0' ],
85 silly audit   merge2: [ '1.4.1' ],
85 silly audit   micromatch: [ '4.0.8' ],
85 silly audit   minimist: [ '1.2.8' ],
85 silly audit   minipass: [ '7.1.3' ],
85 silly audit   ms: [ '2.1.3' ],
85 silly audit   mz: [ '2.7.0' ],
85 silly audit   nanoid: [ '3.3.11' ],
85 silly audit   'napi-postinstall': [ '0.3.4' ],
85 silly audit   'natural-compare': [ '1.4.0' ],
85 silly audit   next: [ '14.2.35' ],
85 silly audit   'next-themes': [ '0.4.6' ],
85 silly audit   postcss: [ '8.4.31', '8.5.6' ],
85 silly audit   'node-exports-info': [ '1.6.0' ],
85 silly audit   'node-fetch-native': [ '1.6.7' ],
85 silly audit   'normalize-path': [ '3.0.0' ],
85 silly audit   nypm: [ '0.6.5' ],
85 silly audit   'object-assign': [ '4.1.1' ],
85 silly audit   'object-hash': [ '3.0.0' ],
85 silly audit   'object-inspect': [ '1.13.4' ],
85 silly audit   'object-keys': [ '1.1.1' ],
85 silly audit   'object.assign': [ '4.1.7' ],
85 silly audit   'object.entries': [ '1.1.9' ],
85 silly audit   'object.fromentries': [ '2.0.8' ],
85 silly audit   'object.groupby': [ '1.0.3' ],
85 silly audit   'object.values': [ '1.2.1' ],
85 silly audit   ohash: [ '2.0.11' ],
85 silly audit   once: [ '1.4.0' ],
85 silly audit   optionator: [ '0.9.4' ],
85 silly audit   'own-keys': [ '1.0.1' ],
85 silly audit   'p-limit': [ '3.1.0' ],
85 silly audit   'p-locate': [ '5.0.0' ],
85 silly audit   'parent-module': [ '1.0.1' ],
85 silly audit   'path-exists': [ '4.0.0' ],
85 silly audit   'path-is-absolute': [ '1.0.1' ],
85 silly audit   'path-key': [ '3.1.1' ],
85 silly audit   'path-parse': [ '1.0.7' ],
85 silly audit   'path-scurry': [ '1.11.1' ],
85 silly audit   pathe: [ '2.0.3' ],
85 silly audit   'perfect-debounce': [ '1.0.0' ],
85 silly audit   picocolors: [ '1.1.1' ],
85 silly audit   picomatch: [ '2.3.1', '4.0.3' ],
85 silly audit   pify: [ '2.3.0' ],
85 silly audit   pirates: [ '4.0.7' ],
85 silly audit   'pkg-types': [ '2.3.0' ],
85 silly audit   'possible-typed-array-names': [ '1.1.0' ],
85 silly audit   'postcss-import': [ '15.1.0' ],
85 silly audit   'postcss-js': [ '4.1.0' ],
85 silly audit   'postcss-load-config': [ '6.0.1' ],
85 silly audit   'postcss-nested': [ '6.2.0' ],
85 silly audit   'postcss-selector-parser': [ '6.1.2' ],
85 silly audit   'postcss-value-parser': [ '4.2.0' ],
85 silly audit   'prelude-ls': [ '1.2.1' ],
85 silly audit   prisma: [ '6.19.2' ],
85 silly audit   'prop-types': [ '15.8.1' ],
85 silly audit   punycode: [ '2.3.1' ],
85 silly audit   'pure-rand': [ '6.1.0' ],
85 silly audit   'queue-microtask': [ '1.2.3' ],
85 silly audit   rc9: [ '2.1.2' ],
85 silly audit   react: [ '18.3.1' ],
85 silly audit   'react-dom': [ '18.3.1' ],
85 silly audit   'react-is': [ '16.13.1' ],
85 silly audit   'read-cache': [ '1.0.0' ],
85 silly audit   'reflect.getprototypeof': [ '1.0.10' ],
85 silly audit   'regexp.prototype.flags': [ '1.5.4' ],
85 silly audit   'resolve-from': [ '4.0.0' ],
85 silly audit   'resolve-pkg-maps': [ '1.0.0' ],
85 silly audit   retry: [ '0.13.1' ],
85 silly audit   reusify: [ '1.1.0' ],
85 silly audit   rimraf: [ '3.0.2' ],
85 silly audit   'run-parallel': [ '1.2.0' ],
85 silly audit   'safe-array-concat': [ '1.1.3' ],
85 silly audit   'safe-push-apply': [ '1.0.0' ],
85 silly audit   'safe-regex-test': [ '1.1.0' ],
85 silly audit   scheduler: [ '0.23.2' ],
85 silly audit   'set-function-length': [ '1.2.2' ],
85 silly audit   'set-function-name': [ '2.0.2' ],
85 silly audit   'set-proto': [ '1.0.0' ],
85 silly audit   'shebang-command': [ '2.0.0' ],
85 silly audit   'shebang-regex': [ '3.0.0' ],
85 silly audit   'side-channel': [ '1.1.0' ],
85 silly audit   'side-channel-list': [ '1.0.0' ],
85 silly audit   'side-channel-map': [ '1.0.1' ],
85 silly audit   'side-channel-weakmap': [ '1.0.2' ],
85 silly audit   'signal-exit': [ '4.1.0' ],
85 silly audit   'source-map-js': [ '1.2.1' ],
85 silly audit   'stable-hash': [ '0.0.5' ],
85 silly audit   'stop-iteration-iterator': [ '1.1.0' ],
85 silly audit   streamsearch: [ '1.1.0' ],
85 silly audit   'string-width': [ '5.1.2', '4.2.3' ],
85 silly audit   'string.prototype.includes': [ '2.0.1' ],
85 silly audit   'string.prototype.matchall': [ '4.0.12' ],
85 silly audit   'string.prototype.repeat': [ '1.0.0' ],
85 silly audit   'string.prototype.trim': [ '1.2.10' ],
85 silly audit   'string.prototype.trimend': [ '1.0.9' ],
85 silly audit   'string.prototype.trimstart': [ '1.0.8' ],
85 silly audit   'strip-bom': [ '3.0.0' ],
85 silly audit   'strip-json-comments': [ '3.1.1' ],
85 silly audit   'styled-jsx': [ '5.1.1' ],
85 silly audit   sucrase: [ '3.35.1' ],
85 silly audit   'supports-color': [ '7.2.0' ],
85 silly audit   'supports-preserve-symlinks-flag': [ '1.0.0' ],
85 silly audit   'tailwind-merge': [ '3.5.0' ],
85 silly audit   tailwindcss: [ '3.4.19' ],
85 silly audit   'tailwindcss-animate': [ '1.0.7' ],
85 silly audit   'text-table': [ '0.2.0' ],
85 silly audit   thenify: [ '3.3.1' ],
85 silly audit   'thenify-all': [ '1.6.0' ],
85 silly audit   throttleit: [ '2.1.0' ],
85 silly audit   tinyexec: [ '1.0.2' ],
85 silly audit   tinyglobby: [ '0.2.15' ],
85 silly audit   'to-regex-range': [ '5.0.1' ],
85 silly audit   'ts-api-utils': [ '2.4.0' ],
85 silly audit   'ts-interface-checker': [ '0.1.13' ],
85 silly audit   'tsconfig-paths': [ '3.15.0' ],
85 silly audit   tslib: [ '2.8.1' ],
85 silly audit   'type-check': [ '0.4.0' ],
85 silly audit   'type-fest': [ '0.20.2' ],
85 silly audit   'typed-array-buffer': [ '1.0.3' ],
85 silly audit   'typed-array-byte-length': [ '1.0.3' ],
85 silly audit   'typed-array-byte-offset': [ '1.0.4' ],
85 silly audit   'typed-array-length': [ '1.0.7' ],
85 silly audit   typescript: [ '5.9.3' ],
85 silly audit   'unbox-primitive': [ '1.1.0' ],
85 silly audit   undici: [ '6.23.0' ],
85 silly audit   'undici-types': [ '6.21.0' ],
85 silly audit   'unrs-resolver': [ '1.11.1' ],
85 silly audit   'uri-js': [ '4.4.1' ],
85 silly audit   'util-deprecate': [ '1.0.2' ],
85 silly audit   which: [ '2.0.2' ],
85 silly audit   'which-boxed-primitive': [ '1.1.1' ],
85 silly audit   'which-builtin-type': [ '1.2.1' ],
85 silly audit   'which-collection': [ '1.0.2' ],
85 silly audit   'which-typed-array': [ '1.1.20' ],
85 silly audit   'word-wrap': [ '1.2.5' ],
85 silly audit   'wrap-ansi': [ '8.1.0', '7.0.0' ],
85 silly audit   wrappy: [ '1.0.2' ],
85 silly audit   'yocto-queue': [ '0.1.0' ],
85 silly audit   'ts-node': [ '10.9.2' ],
85 silly audit   '@cspotcode/source-map-support': [ '0.8.1' ],
85 silly audit   '@tsconfig/node10': [ '1.0.12' ],
85 silly audit   '@tsconfig/node12': [ '1.0.11' ],
85 silly audit   '@tsconfig/node14': [ '1.0.3' ],
85 silly audit   '@tsconfig/node16': [ '1.0.4' ],
85 silly audit   'acorn-walk': [ '8.3.5' ],
85 silly audit   'create-require': [ '1.1.1' ],
85 silly audit   diff: [ '4.0.4' ],
85 silly audit   'make-error': [ '1.3.6' ],
85 silly audit   'v8-compile-cache-lib': [ '3.0.1' ],
85 silly audit   yn: [ '3.1.1' ]
85 silly audit }
86 http cache yn@https://registry.npmjs.org/yn/-/yn-3.1.1.tgz 0ms (cache hit)
87 http cache v8-compile-cache-lib@https://registry.npmjs.org/v8-compile-cache-lib/-/v8-compile-cache-lib-3.0.1.tgz 0ms (cache hit)
88 http cache acorn-walk@https://registry.npmjs.org/acorn-walk/-/acorn-walk-8.3.5.tgz 0ms (cache hit)
89 http cache create-require@https://registry.npmjs.org/create-require/-/create-require-1.1.1.tgz 0ms (cache hit)
90 http cache @tsconfig/node14@https://registry.npmjs.org/@tsconfig/node14/-/node14-1.0.3.tgz 0ms (cache hit)
91 http cache @tsconfig/node12@https://registry.npmjs.org/@tsconfig/node12/-/node12-1.0.11.tgz 0ms (cache hit)
92 http cache diff@https://registry.npmjs.org/diff/-/diff-4.0.4.tgz 0ms (cache hit)
93 http cache make-error@https://registry.npmjs.org/make-error/-/make-error-1.3.6.tgz 0ms (cache hit)
94 http cache @tsconfig/node16@https://registry.npmjs.org/@tsconfig/node16/-/node16-1.0.4.tgz 0ms (cache hit)
95 http cache @tsconfig/node10@https://registry.npmjs.org/@tsconfig/node10/-/node10-1.0.12.tgz 0ms (cache hit)
96 http cache ts-node@https://registry.npmjs.org/ts-node/-/ts-node-10.9.2.tgz 0ms (cache hit)
97 silly tarball no local data for yn@https://registry.npmjs.org/yn/-/yn-3.1.1.tgz. Extracting by manifest.
98 http cache arg@https://registry.npmjs.org/arg/-/arg-4.1.3.tgz 0ms (cache hit)
99 http cache @cspotcode/source-map-support@https://registry.npmjs.org/@cspotcode/source-map-support/-/source-map-support-0.8.1.tgz 0ms (cache hit)
100 silly tarball no local data for v8-compile-cache-lib@https://registry.npmjs.org/v8-compile-cache-lib/-/v8-compile-cache-lib-3.0.1.tgz. Extracting by manifest.
101 silly tarball no local data for acorn-walk@https://registry.npmjs.org/acorn-walk/-/acorn-walk-8.3.5.tgz. Extracting by manifest.
102 silly tarball no local data for create-require@https://registry.npmjs.org/create-require/-/create-require-1.1.1.tgz. Extracting by manifest.
103 silly tarball no local data for @tsconfig/node14@https://registry.npmjs.org/@tsconfig/node14/-/node14-1.0.3.tgz. Extracting by manifest.
104 silly tarball no local data for @tsconfig/node12@https://registry.npmjs.org/@tsconfig/node12/-/node12-1.0.11.tgz. Extracting by manifest.
105 silly tarball no local data for diff@https://registry.npmjs.org/diff/-/diff-4.0.4.tgz. Extracting by manifest.
106 silly tarball no local data for make-error@https://registry.npmjs.org/make-error/-/make-error-1.3.6.tgz. Extracting by manifest.
107 http cache @jridgewell/trace-mapping@https://registry.npmjs.org/@jridgewell/trace-mapping/-/trace-mapping-0.3.9.tgz 0ms (cache hit)
108 silly tarball no local data for @tsconfig/node16@https://registry.npmjs.org/@tsconfig/node16/-/node16-1.0.4.tgz. Extracting by manifest.
109 silly tarball no local data for @tsconfig/node10@https://registry.npmjs.org/@tsconfig/node10/-/node10-1.0.12.tgz. Extracting by manifest.
110 silly tarball no local data for ts-node@https://registry.npmjs.org/ts-node/-/ts-node-10.9.2.tgz. Extracting by manifest.
111 silly tarball no local data for arg@https://registry.npmjs.org/arg/-/arg-4.1.3.tgz. Extracting by manifest.
112 silly tarball no local data for @cspotcode/source-map-support@https://registry.npmjs.org/@cspotcode/source-map-support/-/source-map-support-0.8.1.tgz. Extracting by manifest.
113 silly tarball no local data for @jridgewell/trace-mapping@https://registry.npmjs.org/@jridgewell/trace-mapping/-/trace-mapping-0.3.9.tgz. Extracting by manifest.
114 http fetch GET 200 https://registry.npmjs.org/yn/-/yn-3.1.1.tgz 35ms (cache miss)
115 http fetch GET 200 https://registry.npmjs.org/v8-compile-cache-lib/-/v8-compile-cache-lib-3.0.1.tgz 36ms (cache miss)
116 http fetch GET 200 https://registry.npmjs.org/acorn-walk/-/acorn-walk-8.3.5.tgz 37ms (cache miss)
117 http fetch GET 200 https://registry.npmjs.org/create-require/-/create-require-1.1.1.tgz 37ms (cache miss)
118 http fetch GET 200 https://registry.npmjs.org/make-error/-/make-error-1.3.6.tgz 52ms (cache miss)
119 http fetch GET 200 https://registry.npmjs.org/arg/-/arg-4.1.3.tgz 57ms (cache miss)
120 http fetch GET 200 https://registry.npmjs.org/diff/-/diff-4.0.4.tgz 72ms (cache miss)
121 http fetch GET 200 https://registry.npmjs.org/ts-node/-/ts-node-10.9.2.tgz 86ms (cache miss)
122 http fetch POST 200 https://registry.npmjs.org/-/npm/v1/security/advisories/bulk 301ms
123 silly audit report {
123 silly audit report   minimatch: [
123 silly audit report     {
123 silly audit report       id: 1113371,
123 silly audit report       url: 'https://github.com/advisories/GHSA-3ppc-4f35-3m26',
123 silly audit report       title: 'minimatch has a ReDoS via repeated wildcards with non-matching literal in pattern',
123 silly audit report       severity: 'high',
123 silly audit report       vulnerable_versions: '<10.2.1',
123 silly audit report       cwe: [Array],
123 silly audit report       cvss: [Object]
123 silly audit report     }
123 silly audit report   ],
123 silly audit report   ajv: [
123 silly audit report     {
123 silly audit report       id: 1113214,
123 silly audit report       url: 'https://github.com/advisories/GHSA-2g4f-4pwh-qvx6',
123 silly audit report       title: 'ajv has ReDoS when using `$data` option',
123 silly audit report       severity: 'moderate',
123 silly audit report       vulnerable_versions: '<8.18.0',
123 silly audit report       cwe: [Array],
123 silly audit report       cvss: [Object]
123 silly audit report     }
123 silly audit report   ],
123 silly audit report   glob: [
123 silly audit report     {
123 silly audit report       id: 1109842,
123 silly audit report       url: 'https://github.com/advisories/GHSA-5j98-mcp5-4vw2',
123 silly audit report       title: 'glob CLI: Command injection via -c/--cmd executes matches with shell:true',
123 silly audit report       severity: 'high',
123 silly audit report       vulnerable_versions: '>=10.2.0 <10.5.0',
123 silly audit report       cwe: [Array],
123 silly audit report       cvss: [Object]
123 silly audit report     }
123 silly audit report   ],
123 silly audit report   next: [
123 silly audit report     {
123 silly audit report       id: 1112593,
123 silly audit report       url: 'https://github.com/advisories/GHSA-9g9p-9gw9-jx7f',
123 silly audit report       title: 'Next.js self-hosted applications vulnerable to DoS via Image Optimizer remotePatterns configuration',
123 silly audit report       severity: 'moderate',
123 silly audit report       vulnerable_versions: '>=10.0.0 <15.5.10',
123 silly audit report       cwe: [Array],
123 silly audit report       cvss: [Object]
123 silly audit report     },
123 silly audit report     {
123 silly audit report       id: 1112653,
123 silly audit report       url: 'https://github.com/advisories/GHSA-h25m-26qc-wcjf',
123 silly audit report       title: 'Next.js HTTP request deserialization can lead to DoS when using insecure React Server Components',
123 silly audit report       severity: 'high',
123 silly audit report       vulnerable_versions: '>=13.0.0 <15.0.8',
123 silly audit report       cwe: [Array],
123 silly audit report       cvss: [Object]
123 silly audit report     }
123 silly audit report   ]
123 silly audit report }
124 silly packumentCache corgi:https://registry.npmjs.org/minimatch cache-miss
125 silly packumentCache corgi:https://registry.npmjs.org/ajv cache-miss
126 silly packumentCache corgi:https://registry.npmjs.org/glob cache-miss
127 silly packumentCache corgi:https://registry.npmjs.org/next cache-miss
128 http fetch GET 200 https://registry.npmjs.org/glob 33ms (cache revalidated)
129 silly packumentCache corgi:https://registry.npmjs.org/glob set size:199194 disposed:false
130 http fetch GET 200 https://registry.npmjs.org/next 57ms (cache revalidated)
131 silly packumentCache corgi:https://registry.npmjs.org/next set size:23924759 disposed:false
132 http fetch GET 200 https://registry.npmjs.org/minimatch 238ms (cache revalidated)
133 silly packumentCache corgi:https://registry.npmjs.org/minimatch set size:149210 disposed:false
134 http fetch GET 200 https://registry.npmjs.org/ajv 240ms (cache revalidated)
135 silly packumentCache corgi:https://registry.npmjs.org/ajv set size:464537 disposed:false
136 silly packumentCache corgi:https://registry.npmjs.org/@typescript-eslint%2ftypescript-estree cache-miss
137 silly packumentCache corgi:https://registry.npmjs.org/@eslint%2feslintrc cache-miss
138 silly packumentCache corgi:https://registry.npmjs.org/@humanwhocodes%2fconfig-array cache-miss
139 silly packumentCache corgi:https://registry.npmjs.org/eslint cache-miss
140 silly packumentCache corgi:https://registry.npmjs.org/eslint-plugin-import cache-miss
141 silly packumentCache corgi:https://registry.npmjs.org/eslint-plugin-jsx-a11y cache-miss
142 silly packumentCache corgi:https://registry.npmjs.org/eslint-plugin-react cache-miss
143 http fetch GET 200 https://registry.npmjs.org/@tsconfig/node16/-/node16-1.0.4.tgz 556ms (cache miss)
144 http fetch GET 200 https://registry.npmjs.org/@cspotcode/source-map-support/-/source-map-support-0.8.1.tgz 558ms (cache miss)
145 http fetch GET 200 https://registry.npmjs.org/eslint-plugin-jsx-a11y 37ms (cache revalidated)
146 silly packumentCache corgi:https://registry.npmjs.org/eslint-plugin-jsx-a11y set size:108835 disposed:false
147 http fetch GET 200 https://registry.npmjs.org/eslint-plugin-import 39ms (cache revalidated)
148 silly packumentCache corgi:https://registry.npmjs.org/eslint-plugin-import set size:238396 disposed:false
149 http fetch GET 200 https://registry.npmjs.org/eslint 41ms (cache revalidated)
150 silly packumentCache corgi:https://registry.npmjs.org/eslint set size:1132877 disposed:false
151 http fetch GET 200 https://registry.npmjs.org/eslint-plugin-react 51ms (cache revalidated)
152 silly packumentCache corgi:https://registry.npmjs.org/eslint-plugin-react set size:309843 disposed:false
153 http fetch GET 200 https://registry.npmjs.org/@typescript-eslint%2ftypescript-estree 283ms (cache revalidated)
154 silly packumentCache corgi:https://registry.npmjs.org/@typescript-eslint%2ftypescript-estree set size:8492625 disposed:false
155 http fetch GET 200 https://registry.npmjs.org/@tsconfig/node10/-/node10-1.0.12.tgz 886ms (cache miss)
156 http fetch GET 200 https://registry.npmjs.org/@tsconfig/node12/-/node12-1.0.11.tgz 888ms (cache miss)
157 http fetch GET 200 https://registry.npmjs.org/@jridgewell/trace-mapping/-/trace-mapping-0.3.9.tgz 887ms (cache miss)
158 http fetch GET 200 https://registry.npmjs.org/@tsconfig/node14/-/node14-1.0.3.tgz 1000ms (cache miss)
159 http fetch GET 200 https://registry.npmjs.org/@humanwhocodes%2fconfig-array 599ms (cache revalidated)
160 silly packumentCache corgi:https://registry.npmjs.org/@humanwhocodes%2fconfig-array set size:69299 disposed:false
161 http fetch GET 200 https://registry.npmjs.org/@eslint%2feslintrc 640ms (cache revalidated)
162 silly packumentCache corgi:https://registry.npmjs.org/@eslint%2feslintrc set size:80753 disposed:false
163 silly packumentCache corgi:https://registry.npmjs.org/@next%2feslint-plugin-next cache-miss
164 http fetch GET 200 https://registry.npmjs.org/@next%2feslint-plugin-next 246ms (cache revalidated)
165 silly packumentCache corgi:https://registry.npmjs.org/@next%2feslint-plugin-next set size:3107793 disposed:false
166 silly packumentCache corgi:https://registry.npmjs.org/rimraf cache-miss
167 http fetch GET 200 https://registry.npmjs.org/rimraf 669ms (cache revalidated)
168 silly packumentCache corgi:https://registry.npmjs.org/rimraf set size:87794 disposed:false
169 silly packumentCache corgi:https://registry.npmjs.org/eslint-config-next cache-miss
170 http fetch GET 200 https://registry.npmjs.org/eslint-config-next 36ms (cache revalidated)
171 silly packumentCache corgi:https://registry.npmjs.org/eslint-config-next set size:3709042 disposed:false
172 silly packumentCache corgi:https://registry.npmjs.org/@typescript-eslint%2fparser cache-miss
173 silly packumentCache corgi:https://registry.npmjs.org/@typescript-eslint%2ftype-utils cache-miss
174 silly packumentCache corgi:https://registry.npmjs.org/@typescript-eslint%2futils cache-miss
175 http fetch GET 200 https://registry.npmjs.org/@typescript-eslint%2futils 249ms (cache revalidated)
176 silly packumentCache corgi:https://registry.npmjs.org/@typescript-eslint%2futils set size:4516674 disposed:false
177 http fetch GET 200 https://registry.npmjs.org/@typescript-eslint%2ftype-utils 283ms (cache revalidated)
178 silly packumentCache corgi:https://registry.npmjs.org/@typescript-eslint%2ftype-utils set size:4505748 disposed:false
179 http fetch GET 200 https://registry.npmjs.org/@typescript-eslint%2fparser 494ms (cache revalidated)
180 silly packumentCache corgi:https://registry.npmjs.org/@typescript-eslint%2fparser set size:7891430 disposed:false
181 silly packumentCache corgi:https://registry.npmjs.org/flat-cache cache-miss
182 http fetch GET 200 https://registry.npmjs.org/flat-cache 557ms (cache revalidated)
183 silly packumentCache corgi:https://registry.npmjs.org/flat-cache set size:48982 disposed:false
184 silly packumentCache corgi:https://registry.npmjs.org/@typescript-eslint%2feslint-plugin cache-miss
185 http fetch GET 200 https://registry.npmjs.org/@typescript-eslint%2feslint-plugin 305ms (cache revalidated)
186 silly packumentCache corgi:https://registry.npmjs.org/@typescript-eslint%2feslint-plugin set size:9347879 disposed:false
187 silly packumentCache corgi:https://registry.npmjs.org/file-entry-cache cache-miss
188 http fetch GET 200 https://registry.npmjs.org/file-entry-cache 831ms (cache revalidated)
189 silly packumentCache corgi:https://registry.npmjs.org/file-entry-cache set size:38971 disposed:false
190 silly ADD node_modules/yn
191 silly ADD node_modules/v8-compile-cache-lib
192 silly ADD node_modules/make-error
193 silly ADD node_modules/diff
194 silly ADD node_modules/create-require
195 silly ADD node_modules/acorn-walk
196 silly ADD node_modules/@tsconfig/node16
197 silly ADD node_modules/@tsconfig/node14
198 silly ADD node_modules/@tsconfig/node12
199 silly ADD node_modules/@tsconfig/node10
200 silly ADD node_modules/@cspotcode/source-map-support
201 silly ADD node_modules/@cspotcode/source-map-support/node_modules/@jridgewell/trace-mapping
202 silly ADD node_modules/ts-node
203 silly ADD node_modules/ts-node/node_modules/arg
204 verbose cwd /Users/mdatiarrahmanovi/Client Onboarding Hub
205 verbose os Darwin 25.3.0
206 verbose node v24.13.0
207 verbose npm  v11.6.2
208 verbose exit 0
209 info ok
